c:\users\administrator\documents\visual studio 2015\projects\particle_system\particle_system\debug\vc140.pdb
c:\users\administrator\documents\visual studio 2015\projects\particle_system\particle_system\debug\vc140.idb
c:\users\administrator\documents\visual studio 2015\projects\particle_system\particle_system\debug\eulerintegrator.obj
c:\users\administrator\documents\visual studio 2015\projects\particle_system\particle_system\debug\generator.obj
c:\users\administrator\documents\visual studio 2015\projects\particle_system\particle_system\debug\glcanvas.obj
c:\users\administrator\documents\visual studio 2015\projects\particle_system\particle_system\debug\hosegenerator.obj
c:\users\administrator\documents\visual studio 2015\projects\particle_system\particle_system\debug\main.obj
c:\users\administrator\documents\visual studio 2015\projects\particle_system\particle_system\debug\midpointintegrator.obj
c:\users\administrator\documents\visual studio 2015\projects\particle_system\particle_system\debug\particle.obj
c:\users\administrator\documents\visual studio 2015\projects\particle_system\particle_system\debug\ringgenerator.obj
c:\users\administrator\documents\visual studio 2015\projects\particle_system\particle_system\debug\rungekuttaintegrator.obj
c:\users\administrator\documents\visual studio 2015\projects\particle_system\particle_system\debug\system.obj
c:\users\administrator\documents\visual studio 2015\projects\particle_system\particle_system\debug\trapzintegrator.obj
c:\users\administrator\documents\visual studio 2015\projects\particle_system\particle_system\debug\matrix.obj
c:\users\administrator\documents\visual studio 2015\projects\particle_system\particle_system\debug\parser.obj
c:\users\administrator\documents\visual studio 2015\projects\particle_system\particle_system\debug\trapzintegratorpp.obj
e:\vs projects\particle_system\particle_system\debug\vc141.pdb
e:\vs projects\particle_system\particle_system\debug\vc141.idb
e:\vs projects\particle_system\particle_system\debug\eulerintegrator.obj
e:\vs projects\particle_system\particle_system\debug\generator.obj
e:\vs projects\particle_system\particle_system\debug\glcanvas.obj
e:\vs projects\particle_system\particle_system\debug\hosegenerator.obj
e:\vs projects\particle_system\particle_system\debug\main.obj
e:\vs projects\particle_system\particle_system\debug\matrix.obj
e:\vs projects\particle_system\particle_system\debug\midpointintegrator.obj
e:\vs projects\particle_system\particle_system\debug\parser.obj
e:\vs projects\particle_system\particle_system\debug\particle.obj
e:\vs projects\particle_system\particle_system\debug\ringgenerator.obj
e:\vs projects\particle_system\particle_system\debug\rungekuttaintegrator.obj
e:\vs projects\particle_system\particle_system\debug\system.obj
e:\vs projects\particle_system\particle_system\debug\trapzintegratorpp.obj
c:\users\administrator\documents\visual studio 2015\projects\particle_system\debug\particle_system.ilk
c:\users\administrator\documents\visual studio 2015\projects\particle_system\debug\particle_system.exe
c:\users\administrator\documents\visual studio 2015\projects\particle_system\debug\particle_system.pdb
e:\vs projects\particle_system\particle_system\debug\trapzintegrator.obj
e:\vs projects\particle_system\particle_system\debug\vc140.idb
e:\vs projects\particle_system\particle_system\debug\vc140.pdb
e:\vs projects\particle_system\debug\particle_system.pdb
e:\vs projects\particle_system\particle_system\debug\particle_system.tlog\cl.command.1.tlog
e:\vs projects\particle_system\particle_system\debug\particle_system.tlog\cl.read.1.tlog
e:\vs projects\particle_system\particle_system\debug\particle_system.tlog\cl.write.1.tlog
e:\vs projects\particle_system\particle_system\debug\particle_system.tlog\link.command.1.tlog
e:\vs projects\particle_system\particle_system\debug\particle_system.tlog\link.read.1.tlog
e:\vs projects\particle_system\particle_system\debug\particle_system.tlog\link.write.1.tlog
